{"D:\\projects\\React\\xpend\\be\\src\\exceptions\\EmailAlreadyExistsException.ts": {"path":"D:\\projects\\React\\xpend\\be\\src\\exceptions\\EmailAlreadyExistsException.ts","statementMap":{"0":{"start":{"line":1,"column":0},"end":{"line":1,"column":44}},"1":{"start":{"line":5,"column":4},"end":{"line":5,"column":59}},"2":{"start":{"line":9,"column":0},"end":{"line":9,"column":42}}},"fnMap":{"0":{"name":"(anonymous_1)","decl":{"start":{"line":4,"column":2},"end":{"line":4,"column":14}},"loc":{"start":{"line":4,"column":28},"end":{"line":6,"column":3}}}},"branchMap":{},"s":{"0":1,"1":4,"2":1},"f":{"0":4},"b":{}}
,"D:\\projects\\React\\xpend\\be\\src\\exceptions\\ForbiddenException.ts": {"path":"D:\\projects\\React\\xpend\\be\\src\\exceptions\\ForbiddenException.ts","statementMap":{"0":{"start":{"line":1,"column":0},"end":{"line":1,"column":44}},"1":{"start":{"line":5,"column":4},"end":{"line":5,"column":33}},"2":{"start":{"line":9,"column":0},"end":{"line":9,"column":34}}},"fnMap":{"0":{"name":"(anonymous_1)","decl":{"start":{"line":4,"column":2},"end":{"line":4,"column":null}},"loc":{"start":{"line":4,"column":2},"end":{"line":6,"column":3}}}},"branchMap":{},"s":{"0":1,"1":6,"2":1},"f":{"0":6},"b":{}}
,"D:\\projects\\React\\xpend\\be\\src\\exceptions\\HttpException.ts": {"path":"D:\\projects\\React\\xpend\\be\\src\\exceptions\\HttpException.ts","statementMap":{"0":{"start":{"line":5,"column":2},"end":{"line":5,"column":17}},"1":{"start":{"line":6,"column":2},"end":{"line":6,"column":23}},"2":{"start":{"line":7,"column":2},"end":{"line":7,"column":25}},"3":{"start":{"line":11,"column":0},"end":{"line":11,"column":29}}},"fnMap":{"0":{"name":"(anonymous_0)","decl":{"start":{"line":4,"column":1},"end":{"line":4,"column":13}},"loc":{"start":{"line":4,"column":44},"end":{"line":8,"column":2}}}},"branchMap":{},"s":{"0":24,"1":24,"2":24,"3":2},"f":{"0":24},"b":{}}
,"D:\\projects\\React\\xpend\\be\\src\\exceptions\\NotFoundException.ts": {"path":"D:\\projects\\React\\xpend\\be\\src\\exceptions\\NotFoundException.ts","statementMap":{"0":{"start":{"line":1,"column":0},"end":{"line":1,"column":44}},"1":{"start":{"line":5,"column":4},"end":{"line":5,"column":28}},"2":{"start":{"line":9,"column":0},"end":{"line":9,"column":33}}},"fnMap":{"0":{"name":"(anonymous_1)","decl":{"start":{"line":4,"column":2},"end":{"line":4,"column":null}},"loc":{"start":{"line":4,"column":2},"end":{"line":6,"column":3}}}},"branchMap":{},"s":{"0":2,"1":8,"2":2},"f":{"0":8},"b":{}}
,"D:\\projects\\React\\xpend\\be\\src\\exceptions\\PasswordDoesNotMatchException.ts": {"path":"D:\\projects\\React\\xpend\\be\\src\\exceptions\\PasswordDoesNotMatchException.ts","statementMap":{"0":{"start":{"line":1,"column":0},"end":{"line":1,"column":44}},"1":{"start":{"line":5,"column":4},"end":{"line":5,"column":42}},"2":{"start":{"line":9,"column":0},"end":{"line":9,"column":45}}},"fnMap":{"0":{"name":"(anonymous_1)","decl":{"start":{"line":4,"column":2},"end":{"line":4,"column":null}},"loc":{"start":{"line":4,"column":2},"end":{"line":6,"column":3}}}},"branchMap":{},"s":{"0":1,"1":2,"2":1},"f":{"0":2},"b":{}}
,"D:\\projects\\React\\xpend\\be\\src\\exceptions\\PreviousPasswordDoesNotMatch.ts": {"path":"D:\\projects\\React\\xpend\\be\\src\\exceptions\\PreviousPasswordDoesNotMatch.ts","statementMap":{"0":{"start":{"line":1,"column":0},"end":{"line":1,"column":44}},"1":{"start":{"line":5,"column":4},"end":{"line":5,"column":88}},"2":{"start":{"line":9,"column":0},"end":{"line":9,"column":53}}},"fnMap":{"0":{"name":"(anonymous_1)","decl":{"start":{"line":4,"column":2},"end":{"line":4,"column":null}},"loc":{"start":{"line":4,"column":2},"end":{"line":6,"column":3}}}},"branchMap":{},"s":{"0":1,"1":2,"2":1},"f":{"0":2},"b":{}}
,"D:\\projects\\React\\xpend\\be\\src\\exceptions\\WrongCredentialsException.ts": {"path":"D:\\projects\\React\\xpend\\be\\src\\exceptions\\WrongCredentialsException.ts","statementMap":{"0":{"start":{"line":1,"column":0},"end":{"line":1,"column":44}},"1":{"start":{"line":5,"column":4},"end":{"line":5,"column":50}},"2":{"start":{"line":9,"column":0},"end":{"line":9,"column":41}}},"fnMap":{"0":{"name":"(anonymous_1)","decl":{"start":{"line":4,"column":2},"end":{"line":4,"column":null}},"loc":{"start":{"line":4,"column":2},"end":{"line":6,"column":3}}}},"branchMap":{},"s":{"0":1,"1":2,"2":1},"f":{"0":2},"b":{}}
,"D:\\projects\\React\\xpend\\be\\src\\modules\\tasks\\tasks.entity.ts": {"path":"D:\\projects\\React\\xpend\\be\\src\\modules\\tasks\\tasks.entity.ts","statementMap":{"0":{"start":{"line":1,"column":0},"end":{"line":1,"column":null}},"1":{"start":{"line":10,"column":0},"end":{"line":10,"column":63}},"2":{"start":{"line":11,"column":0},"end":{"line":11,"column":42}},"3":{"start":{"line":14,"column":0},"end":{"line":41,"column":null}},"4":{"start":{"line":16,"column":2},"end":{"line":16,"column":null}},"5":{"start":{"line":19,"column":2},"end":{"line":19,"column":null}},"6":{"start":{"line":22,"column":2},"end":{"line":22,"column":null}},"7":{"start":{"line":25,"column":2},"end":{"line":25,"column":null}},"8":{"start":{"line":28,"column":2},"end":{"line":28,"column":null}},"9":{"start":{"line":31,"column":2},"end":{"line":31,"column":null}},"10":{"start":{"line":34,"column":2},"end":{"line":34,"column":null}},"11":{"start":{"line":37,"column":2},"end":{"line":37,"column":null}},"12":{"start":{"line":36,"column":19},"end":{"line":36,"column":24}},"13":{"start":{"line":36,"column":43},"end":{"line":36,"column":53}},"14":{"start":{"line":40,"column":2},"end":{"line":40,"column":null}},"15":{"start":{"line":39,"column":19},"end":{"line":39,"column":31}},"16":{"start":{"line":39,"column":64},"end":{"line":39,"column":80}},"17":{"start":{"line":14,"column":6},"end":{"line":41,"column":null}},"18":{"start":{"line":43,"column":0},"end":{"line":43,"column":21}}},"fnMap":{"0":{"name":"(anonymous_3)","decl":{"start":{"line":36,"column":13},"end":{"line":36,"column":16}},"loc":{"start":{"line":36,"column":19},"end":{"line":36,"column":24}}},"1":{"name":"(anonymous_4)","decl":{"start":{"line":36,"column":26},"end":{"line":36,"column":27}},"loc":{"start":{"line":36,"column":43},"end":{"line":36,"column":53}}},"2":{"name":"(anonymous_5)","decl":{"start":{"line":39,"column":13},"end":{"line":39,"column":16}},"loc":{"start":{"line":39,"column":19},"end":{"line":39,"column":31}}},"3":{"name":"(anonymous_6)","decl":{"start":{"line":39,"column":33},"end":{"line":39,"column":34}},"loc":{"start":{"line":39,"column":64},"end":{"line":39,"column":80}}}},"branchMap":{},"s":{"0":2,"1":2,"2":2,"3":2,"4":2,"5":2,"6":2,"7":2,"8":2,"9":2,"10":2,"11":2,"12":0,"13":0,"14":2,"15":0,"16":0,"17":2,"18":2},"f":{"0":0,"1":0,"2":0,"3":0},"b":{}}
,"D:\\projects\\React\\xpend\\be\\src\\modules\\transactions\\transactions.entity.ts": {"path":"D:\\projects\\React\\xpend\\be\\src\\modules\\transactions\\transactions.entity.ts","statementMap":{"0":{"start":{"line":1,"column":0},"end":{"line":1,"column":112}},"1":{"start":{"line":2,"column":0},"end":{"line":2,"column":42}},"2":{"start":{"line":3,"column":0},"end":{"line":3,"column":42}},"3":{"start":{"line":6,"column":0},"end":{"line":33,"column":null}},"4":{"start":{"line":8,"column":2},"end":{"line":8,"column":null}},"5":{"start":{"line":11,"column":2},"end":{"line":11,"column":null}},"6":{"start":{"line":14,"column":2},"end":{"line":14,"column":null}},"7":{"start":{"line":17,"column":2},"end":{"line":17,"column":null}},"8":{"start":{"line":20,"column":2},"end":{"line":20,"column":null}},"9":{"start":{"line":23,"column":2},"end":{"line":23,"column":null}},"10":{"start":{"line":26,"column":2},"end":{"line":26,"column":null}},"11":{"start":{"line":29,"column":2},"end":{"line":29,"column":null}},"12":{"start":{"line":28,"column":19},"end":{"line":28,"column":24}},"13":{"start":{"line":28,"column":43},"end":{"line":28,"column":60}},"14":{"start":{"line":32,"column":2},"end":{"line":32,"column":null}},"15":{"start":{"line":31,"column":19},"end":{"line":31,"column":24}},"16":{"start":{"line":31,"column":43},"end":{"line":31,"column":60}},"17":{"start":{"line":6,"column":6},"end":{"line":33,"column":null}},"18":{"start":{"line":35,"column":0},"end":{"line":35,"column":28}}},"fnMap":{"0":{"name":"(anonymous_3)","decl":{"start":{"line":28,"column":13},"end":{"line":28,"column":16}},"loc":{"start":{"line":28,"column":19},"end":{"line":28,"column":24}}},"1":{"name":"(anonymous_4)","decl":{"start":{"line":28,"column":26},"end":{"line":28,"column":27}},"loc":{"start":{"line":28,"column":43},"end":{"line":28,"column":60}}},"2":{"name":"(anonymous_5)","decl":{"start":{"line":31,"column":13},"end":{"line":31,"column":16}},"loc":{"start":{"line":31,"column":19},"end":{"line":31,"column":24}}},"3":{"name":"(anonymous_6)","decl":{"start":{"line":31,"column":26},"end":{"line":31,"column":27}},"loc":{"start":{"line":31,"column":43},"end":{"line":31,"column":60}}}},"branchMap":{},"s":{"0":2,"1":2,"2":2,"3":2,"4":2,"5":2,"6":2,"7":2,"8":2,"9":2,"10":2,"11":2,"12":0,"13":0,"14":2,"15":0,"16":0,"17":2,"18":2},"f":{"0":0,"1":0,"2":0,"3":0},"b":{}}
,"D:\\projects\\React\\xpend\\be\\src\\modules\\transactions\\transactions.service.ts": {"path":"D:\\projects\\React\\xpend\\be\\src\\modules\\transactions\\transactions.service.ts","statementMap":{"0":{"start":{"line":1,"column":0},"end":{"line":1,"column":56}},"1":{"start":{"line":2,"column":0},"end":{"line":2,"column":69}},"2":{"start":{"line":3,"column":0},"end":{"line":3,"column":67}},"3":{"start":{"line":5,"column":0},"end":{"line":5,"column":78}},"4":{"start":{"line":6,"column":0},"end":{"line":6,"column":42}},"5":{"start":{"line":9,"column":0},"end":{"line":9,"column":49}},"6":{"start":{"line":12,"column":10},"end":{"line":12,"column":63}},"7":{"start":{"line":13,"column":10},"end":{"line":13,"column":49}},"8":{"start":{"line":16,"column":4},"end":{"line":18,"column":null}},"9":{"start":{"line":17,"column":6},"end":{"line":17,"column":37}},"10":{"start":{"line":22,"column":27},"end":{"line":22,"column":98}},"11":{"start":{"line":23,"column":4},"end":{"line":23,"column":59}},"12":{"start":{"line":24,"column":4},"end":{"line":24,"column":26}},"13":{"start":{"line":28,"column":4},"end":{"line":38,"column":null}},"14":{"start":{"line":29,"column":24},"end":{"line":29,"column":38}},"15":{"start":{"line":30,"column":39},"end":{"line":30,"column":75}},"16":{"start":{"line":31,"column":6},"end":{"line":37,"column":9}},"17":{"start":{"line":40,"column":4},"end":{"line":47,"column":9}},"18":{"start":{"line":41,"column":6},"end":{"line":47,"column":9}},"19":{"start":{"line":48,"column":4},"end":{"line":55,"column":null}},"20":{"start":{"line":49,"column":24},"end":{"line":49,"column":38}},"21":{"start":{"line":50,"column":39},"end":{"line":50,"column":75}},"22":{"start":{"line":51,"column":6},"end":{"line":54,"column":9}},"23":{"start":{"line":57,"column":4},"end":{"line":57,"column":109}},"24":{"start":{"line":61,"column":24},"end":{"line":61,"column":109}},"25":{"start":{"line":62,"column":4},"end":{"line":64,"column":null}},"26":{"start":{"line":63,"column":6},"end":{"line":63,"column":36}},"27":{"start":{"line":65,"column":4},"end":{"line":65,"column":47}},"28":{"start":{"line":66,"column":4},"end":{"line":66,"column":23}},"29":{"start":{"line":71,"column":17},"end":{"line":71,"column":27}},"30":{"start":{"line":72,"column":37},"end":{"line":72,"column":78}},"31":{"start":{"line":74,"column":23},"end":{"line":77,"column":6}},"32":{"start":{"line":78,"column":17},"end":{"line":78,"column":18}},"33":{"start":{"line":79,"column":16},"end":{"line":79,"column":17}},"34":{"start":{"line":80,"column":30},"end":{"line":80,"column":49}},"35":{"start":{"line":82,"column":4},"end":{"line":88,"column":7}},"36":{"start":{"line":83,"column":6},"end":{"line":87,"column":null}},"37":{"start":{"line":84,"column":8},"end":{"line":84,"column":37}},"38":{"start":{"line":86,"column":8},"end":{"line":86,"column":36}},"39":{"start":{"line":90,"column":4},"end":{"line":90,"column":48}},"40":{"start":{"line":98,"column":24},"end":{"line":98,"column":109}},"41":{"start":{"line":99,"column":4},"end":{"line":101,"column":null}},"42":{"start":{"line":100,"column":6},"end":{"line":100,"column":36}},"43":{"start":{"line":102,"column":4},"end":{"line":102,"column":47}},"44":{"start":{"line":103,"column":21},"end":{"line":103,"column":66}},"45":{"start":{"line":104,"column":4},"end":{"line":104,"column":73}},"46":{"start":{"line":109,"column":4},"end":{"line":109,"column":100}},"47":{"start":{"line":113,"column":24},"end":{"line":113,"column":117}},"48":{"start":{"line":114,"column":4},"end":{"line":116,"column":null}},"49":{"start":{"line":115,"column":6},"end":{"line":115,"column":36}},"50":{"start":{"line":117,"column":4},"end":{"line":117,"column":47}},"51":{"start":{"line":121,"column":4},"end":{"line":128,"column":null}},"52":{"start":{"line":122,"column":33},"end":{"line":122,"column":108}},"53":{"start":{"line":123,"column":27},"end":{"line":123,"column":112}},"54":{"start":{"line":124,"column":6},"end":{"line":126,"column":null}},"55":{"start":{"line":125,"column":8},"end":{"line":125,"column":94}},"56":{"start":{"line":127,"column":6},"end":{"line":127,"column":42}},"57":{"start":{"line":129,"column":4},"end":{"line":129,"column":53}},"58":{"start":{"line":131,"column":4},"end":{"line":131,"column":23}},"59":{"start":{"line":135,"column":0},"end":{"line":135,"column":35}}},"fnMap":{"0":{"name":"(anonymous_8)","decl":{"start":{"line":11,"column":0},"end":{"line":11,"column":6}},"loc":{"start":{"line":11,"column":0},"end":{"line":133,"column":1}}},"1":{"name":"(anonymous_9)","decl":{"start":{"line":15,"column":10},"end":{"line":15,"column":17}},"loc":{"start":{"line":15,"column":61},"end":{"line":19,"column":3}}},"2":{"name":"(anonymous_10)","decl":{"start":{"line":21,"column":15},"end":{"line":21,"column":32}},"loc":{"start":{"line":21,"column":84},"end":{"line":25,"column":null}}},"3":{"name":"(anonymous_12)","decl":{"start":{"line":27,"column":15},"end":{"line":27,"column":36}},"loc":{"start":{"line":27,"column":76},"end":{"line":58,"column":null}}},"4":{"name":"(anonymous_14)","decl":{"start":{"line":60,"column":15},"end":{"line":60,"column":45}},"loc":{"start":{"line":60,"column":69},"end":{"line":67,"column":null}}},"5":{"name":"(anonymous_16)","decl":{"start":{"line":69,"column":15},"end":{"line":69,"column":39}},"loc":{"start":{"line":69,"column":69},"end":{"line":91,"column":null}}},"6":{"name":"(anonymous_18)","decl":{"start":{"line":82,"column":25},"end":{"line":82,"column":26}},"loc":{"start":{"line":82,"column":41},"end":{"line":88,"column":5}}},"7":{"name":"(anonymous_19)","decl":{"start":{"line":93,"column":15},"end":{"line":93,"column":30}},"loc":{"start":{"line":96,"column":15},"end":{"line":110,"column":null}}},"8":{"name":"(anonymous_21)","decl":{"start":{"line":112,"column":15},"end":{"line":112,"column":32}},"loc":{"start":{"line":112,"column":56},"end":{"line":132,"column":null}}}},"branchMap":{"0":{"loc":{"start":{"line":16,"column":4},"end":{"line":18,"column":null}},"type":"if","locations":[{"start":{"line":16,"column":4},"end":{"line":18,"column":null}}]},"1":{"loc":{"start":{"line":28,"column":4},"end":{"line":38,"column":null}},"type":"if","locations":[{"start":{"line":28,"column":4},"end":{"line":38,"column":null}}]},"2":{"loc":{"start":{"line":28,"column":8},"end":{"line":28,"column":34}},"type":"binary-expr","locations":[{"start":{"line":28,"column":8},"end":{"line":28,"column":19}},{"start":{"line":28,"column":23},"end":{"line":28,"column":34}}]},"3":{"loc":{"start":{"line":40,"column":4},"end":{"line":47,"column":9}},"type":"if","locations":[{"start":{"line":40,"column":4},"end":{"line":47,"column":9}}]},"4":{"loc":{"start":{"line":48,"column":4},"end":{"line":55,"column":null}},"type":"if","locations":[{"start":{"line":48,"column":4},"end":{"line":55,"column":null}}]},"5":{"loc":{"start":{"line":62,"column":4},"end":{"line":64,"column":null}},"type":"if","locations":[{"start":{"line":62,"column":4},"end":{"line":64,"column":null}}]},"6":{"loc":{"start":{"line":83,"column":6},"end":{"line":87,"column":null}},"type":"if","locations":[{"start":{"line":83,"column":6},"end":{"line":87,"column":null}},{"start":{"line":85,"column":13},"end":{"line":87,"column":null}}]},"7":{"loc":{"start":{"line":99,"column":4},"end":{"line":101,"column":null}},"type":"if","locations":[{"start":{"line":99,"column":4},"end":{"line":101,"column":null}}]},"8":{"loc":{"start":{"line":114,"column":4},"end":{"line":116,"column":null}},"type":"if","locations":[{"start":{"line":114,"column":4},"end":{"line":116,"column":null}}]},"9":{"loc":{"start":{"line":121,"column":4},"end":{"line":128,"column":null}},"type":"if","locations":[{"start":{"line":121,"column":4},"end":{"line":128,"column":null}}]},"10":{"loc":{"start":{"line":124,"column":6},"end":{"line":126,"column":null}},"type":"if","locations":[{"start":{"line":124,"column":6},"end":{"line":126,"column":null}}]}},"s":{"0":1,"1":1,"2":1,"3":1,"4":1,"5":1,"6":17,"7":17,"8":8,"9":3,"10":1,"11":1,"12":1,"13":4,"14":1,"15":1,"16":1,"17":3,"18":1,"19":2,"20":1,"21":1,"22":1,"23":1,"24":3,"25":3,"26":1,"27":2,"28":1,"29":1,"30":1,"31":1,"32":1,"33":1,"34":1,"35":1,"36":2,"37":1,"38":1,"39":1,"40":3,"41":3,"42":1,"43":2,"44":1,"45":1,"46":1,"47":5,"48":5,"49":1,"50":4,"51":3,"52":2,"53":2,"54":2,"55":1,"56":2,"57":3,"58":3,"59":1},"f":{"0":17,"1":8,"2":1,"3":4,"4":3,"5":1,"6":2,"7":3,"8":5},"b":{"0":[3],"1":[1],"2":[4,2],"3":[1],"4":[1],"5":[1],"6":[1,1],"7":[1],"8":[1],"9":[2],"10":[1]}}
,"D:\\projects\\React\\xpend\\be\\src\\modules\\users\\users.entity.ts": {"path":"D:\\projects\\React\\xpend\\be\\src\\modules\\users\\users.entity.ts","statementMap":{"0":{"start":{"line":1,"column":0},"end":{"line":1,"column":112}},"1":{"start":{"line":2,"column":0},"end":{"line":2,"column":42}},"2":{"start":{"line":3,"column":0},"end":{"line":3,"column":63}},"3":{"start":{"line":6,"column":0},"end":{"line":33,"column":null}},"4":{"start":{"line":8,"column":2},"end":{"line":8,"column":null}},"5":{"start":{"line":11,"column":2},"end":{"line":11,"column":null}},"6":{"start":{"line":14,"column":2},"end":{"line":14,"column":null}},"7":{"start":{"line":17,"column":2},"end":{"line":17,"column":null}},"8":{"start":{"line":20,"column":2},"end":{"line":20,"column":null}},"9":{"start":{"line":23,"column":2},"end":{"line":23,"column":null}},"10":{"start":{"line":26,"column":2},"end":{"line":26,"column":null}},"11":{"start":{"line":29,"column":2},"end":{"line":29,"column":null}},"12":{"start":{"line":28,"column":19},"end":{"line":28,"column":31}},"13":{"start":{"line":28,"column":64},"end":{"line":28,"column":80}},"14":{"start":{"line":32,"column":2},"end":{"line":32,"column":null}},"15":{"start":{"line":31,"column":19},"end":{"line":31,"column":24}},"16":{"start":{"line":31,"column":43},"end":{"line":31,"column":52}},"17":{"start":{"line":6,"column":6},"end":{"line":33,"column":null}},"18":{"start":{"line":35,"column":0},"end":{"line":35,"column":21}}},"fnMap":{"0":{"name":"(anonymous_3)","decl":{"start":{"line":28,"column":13},"end":{"line":28,"column":16}},"loc":{"start":{"line":28,"column":19},"end":{"line":28,"column":31}}},"1":{"name":"(anonymous_4)","decl":{"start":{"line":28,"column":33},"end":{"line":28,"column":34}},"loc":{"start":{"line":28,"column":64},"end":{"line":28,"column":80}}},"2":{"name":"(anonymous_5)","decl":{"start":{"line":31,"column":13},"end":{"line":31,"column":16}},"loc":{"start":{"line":31,"column":19},"end":{"line":31,"column":24}}},"3":{"name":"(anonymous_6)","decl":{"start":{"line":31,"column":26},"end":{"line":31,"column":27}},"loc":{"start":{"line":31,"column":43},"end":{"line":31,"column":52}}}},"branchMap":{},"s":{"0":2,"1":2,"2":2,"3":2,"4":2,"5":2,"6":2,"7":2,"8":2,"9":2,"10":2,"11":2,"12":0,"13":0,"14":2,"15":0,"16":0,"17":2,"18":2},"f":{"0":0,"1":0,"2":0,"3":0},"b":{}}
,"D:\\projects\\React\\xpend\\be\\src\\modules\\users\\users.service.ts": {"path":"D:\\projects\\React\\xpend\\be\\src\\modules\\users\\users.service.ts","statementMap":{"0":{"start":{"line":1,"column":0},"end":{"line":1,"column":40}},"1":{"start":{"line":2,"column":0},"end":{"line":2,"column":86}},"2":{"start":{"line":4,"column":0},"end":{"line":4,"column":35}},"3":{"start":{"line":5,"column":0},"end":{"line":5,"column":28}},"4":{"start":{"line":6,"column":0},"end":{"line":6,"column":91}},"5":{"start":{"line":7,"column":0},"end":{"line":7,"column":67}},"6":{"start":{"line":9,"column":0},"end":{"line":9,"column":83}},"7":{"start":{"line":10,"column":0},"end":{"line":10,"column":98}},"8":{"start":{"line":13,"column":10},"end":{"line":13,"column":49}},"9":{"start":{"line":16,"column":4},"end":{"line":18,"column":null}},"10":{"start":{"line":17,"column":6},"end":{"line":17,"column":48}},"11":{"start":{"line":19,"column":4},"end":{"line":21,"column":null}},"12":{"start":{"line":20,"column":6},"end":{"line":20,"column":59}},"13":{"start":{"line":22,"column":35},"end":{"line":22,"column":75}},"14":{"start":{"line":23,"column":20},"end":{"line":23,"column":90}},"15":{"start":{"line":24,"column":4},"end":{"line":24,"column":45}},"16":{"start":{"line":25,"column":4},"end":{"line":25,"column":30}},"17":{"start":{"line":29,"column":24},"end":{"line":29,"column":86}},"18":{"start":{"line":30,"column":4},"end":{"line":32,"column":null}},"19":{"start":{"line":31,"column":6},"end":{"line":31,"column":36}},"20":{"start":{"line":33,"column":4},"end":{"line":33,"column":23}},"21":{"start":{"line":37,"column":17},"end":{"line":41,"column":15}},"22":{"start":{"line":42,"column":4},"end":{"line":44,"column":null}},"23":{"start":{"line":43,"column":6},"end":{"line":43,"column":18}},"24":{"start":{"line":45,"column":4},"end":{"line":45,"column":42}},"25":{"start":{"line":49,"column":22},"end":{"line":49,"column":64}},"26":{"start":{"line":50,"column":24},"end":{"line":50,"column":60}},"27":{"start":{"line":51,"column":30},"end":{"line":51,"column":87}},"28":{"start":{"line":52,"column":4},"end":{"line":54,"column":null}},"29":{"start":{"line":53,"column":6},"end":{"line":53,"column":55}},"30":{"start":{"line":55,"column":4},"end":{"line":67,"column":null}},"31":{"start":{"line":56,"column":30},"end":{"line":56,"column":96}},"32":{"start":{"line":57,"column":6},"end":{"line":59,"column":null}},"33":{"start":{"line":58,"column":8},"end":{"line":58,"column":58}},"34":{"start":{"line":60,"column":37},"end":{"line":60,"column":77}},"35":{"start":{"line":61,"column":6},"end":{"line":61,"column":45}},"36":{"start":{"line":62,"column":6},"end":{"line":62,"column":46}},"37":{"start":{"line":63,"column":6},"end":{"line":63,"column":41}},"38":{"start":{"line":64,"column":6},"end":{"line":64,"column":113}},"39":{"start":{"line":66,"column":6},"end":{"line":66,"column":87}},"40":{"start":{"line":68,"column":4},"end":{"line":68,"column":94}},"41":{"start":{"line":70,"column":4},"end":{"line":70,"column":23}},"42":{"start":{"line":74,"column":0},"end":{"line":74,"column":28}}},"fnMap":{"0":{"name":"(anonymous_8)","decl":{"start":{"line":12,"column":0},"end":{"line":12,"column":6}},"loc":{"start":{"line":12,"column":0},"end":{"line":72,"column":1}}},"1":{"name":"(anonymous_9)","decl":{"start":{"line":15,"column":15},"end":{"line":15,"column":25}},"loc":{"start":{"line":15,"column":49},"end":{"line":26,"column":null}}},"2":{"name":"(anonymous_11)","decl":{"start":{"line":28,"column":15},"end":{"line":28,"column":23}},"loc":{"start":{"line":28,"column":35},"end":{"line":34,"column":null}}},"3":{"name":"(anonymous_13)","decl":{"start":{"line":36,"column":16},"end":{"line":36,"column":35}},"loc":{"start":{"line":36,"column":49},"end":{"line":46,"column":null}}},"4":{"name":"(anonymous_15)","decl":{"start":{"line":48,"column":15},"end":{"line":48,"column":26}},"loc":{"start":{"line":48,"column":57},"end":{"line":71,"column":null}}}},"branchMap":{"0":{"loc":{"start":{"line":16,"column":4},"end":{"line":18,"column":null}},"type":"if","locations":[{"start":{"line":16,"column":4},"end":{"line":18,"column":null}}]},"1":{"loc":{"start":{"line":19,"column":4},"end":{"line":21,"column":null}},"type":"if","locations":[{"start":{"line":19,"column":4},"end":{"line":21,"column":null}}]},"2":{"loc":{"start":{"line":30,"column":4},"end":{"line":32,"column":null}},"type":"if","locations":[{"start":{"line":30,"column":4},"end":{"line":32,"column":null}}]},"3":{"loc":{"start":{"line":42,"column":4},"end":{"line":44,"column":null}},"type":"if","locations":[{"start":{"line":42,"column":4},"end":{"line":44,"column":null}}]},"4":{"loc":{"start":{"line":52,"column":4},"end":{"line":54,"column":null}},"type":"if","locations":[{"start":{"line":52,"column":4},"end":{"line":54,"column":null}}]},"5":{"loc":{"start":{"line":52,"column":8},"end":{"line":52,"column":68}},"type":"binary-expr","locations":[{"start":{"line":52,"column":8},"end":{"line":52,"column":25}},{"start":{"line":52,"column":29},"end":{"line":52,"column":68}}]},"6":{"loc":{"start":{"line":55,"column":4},"end":{"line":67,"column":null}},"type":"if","locations":[{"start":{"line":55,"column":4},"end":{"line":67,"column":null}},{"start":{"line":65,"column":11},"end":{"line":67,"column":null}}]},"7":{"loc":{"start":{"line":57,"column":6},"end":{"line":59,"column":null}},"type":"if","locations":[{"start":{"line":57,"column":6},"end":{"line":59,"column":null}}]}},"s":{"0":1,"1":1,"2":1,"3":1,"4":1,"5":1,"6":1,"7":1,"8":10,"9":3,"10":1,"11":2,"12":1,"13":1,"14":1,"15":1,"16":1,"17":2,"18":2,"19":1,"20":1,"21":5,"22":5,"23":4,"24":1,"25":5,"26":4,"27":4,"28":4,"29":1,"30":3,"31":2,"32":2,"33":1,"34":1,"35":1,"36":1,"37":1,"38":1,"39":1,"40":2,"41":2,"42":1},"f":{"0":10,"1":3,"2":2,"3":5,"4":5},"b":{"0":[1],"1":[1],"2":[1],"3":[4],"4":[1],"5":[4,4],"6":[2,1],"7":[1]}}
,"D:\\projects\\React\\xpend\\be\\src\\utils\\getCorrectedStartEndMonth.ts": {"path":"D:\\projects\\React\\xpend\\be\\src\\utils\\getCorrectedStartEndMonth.ts","statementMap":{"0":{"start":{"line":1,"column":0},"end":{"line":1,"column":52}},"1":{"start":{"line":2,"column":0},"end":{"line":2,"column":56}},"2":{"start":{"line":4,"column":34},"end":{"line":15,"column":1}},"3":{"start":{"line":5,"column":2},"end":{"line":14,"column":null}},"4":{"start":{"line":6,"column":23},"end":{"line":6,"column":41}},"5":{"start":{"line":7,"column":21},"end":{"line":7,"column":37}},"6":{"start":{"line":8,"column":19},"end":{"line":8,"column":83}},"7":{"start":{"line":9,"column":4},"end":{"line":9,"column":66}},"8":{"start":{"line":10,"column":4},"end":{"line":10,"column":62}},"9":{"start":{"line":11,"column":4},"end":{"line":11,"column":36}},"10":{"start":{"line":13,"column":4},"end":{"line":13,"column":57}},"11":{"start":{"line":16,"column":0},"end":{"line":16,"column":41}}},"fnMap":{"0":{"name":"(anonymous_1)","decl":{"start":{"line":4,"column":34},"end":{"line":4,"column":35}},"loc":{"start":{"line":4,"column":74},"end":{"line":15,"column":1}}}},"branchMap":{"0":{"loc":{"start":{"line":8,"column":19},"end":{"line":8,"column":83}},"type":"cond-expr","locations":[{"start":{"line":8,"column":36},"end":{"line":8,"column":50}},{"start":{"line":8,"column":53},"end":{"line":8,"column":83}}]}},"s":{"0":1,"1":1,"2":1,"3":3,"4":3,"5":3,"6":3,"7":3,"8":3,"9":3,"10":0,"11":1},"f":{"0":3},"b":{"0":[1,2]}}
}
