TN:
SF:src\exceptions\EmailAlreadyExistsException.ts
FN:4,(anonymous_1)
FNF:1
FNH:1
FNDA:4,(anonymous_1)
DA:1,1
DA:5,4
DA:9,1
LF:3
LH:3
BRF:0
BRH:0
end_of_record
TN:
SF:src\exceptions\ForbiddenException.ts
FN:4,(anonymous_1)
FNF:1
FNH:1
FNDA:4,(anonymous_1)
DA:1,2
DA:5,4
DA:9,2
LF:3
LH:3
BRF:0
BRH:0
end_of_record
TN:
SF:src\exceptions\HttpException.ts
FN:4,(anonymous_0)
FNF:1
FNH:1
FNDA:22,(anonymous_0)
DA:5,22
DA:6,22
DA:7,22
DA:11,3
LF:4
LH:4
BRF:0
BRH:0
end_of_record
TN:
SF:src\exceptions\NotFoundException.ts
FN:4,(anonymous_1)
FNF:1
FNH:1
FNDA:8,(anonymous_1)
DA:1,3
DA:5,8
DA:9,3
LF:3
LH:3
BRF:0
BRH:0
end_of_record
TN:
SF:src\exceptions\PasswordDoesNotMatchException.ts
FN:4,(anonymous_1)
FNF:1
FNH:1
FNDA:2,(anonymous_1)
DA:1,1
DA:5,2
DA:9,1
LF:3
LH:3
BRF:0
BRH:0
end_of_record
TN:
SF:src\exceptions\PreviousPasswordDoesNotMatch.ts
FN:4,(anonymous_1)
FNF:1
FNH:1
FNDA:2,(anonymous_1)
DA:1,1
DA:5,2
DA:9,1
LF:3
LH:3
BRF:0
BRH:0
end_of_record
TN:
SF:src\exceptions\WrongCredentialsException.ts
FN:4,(anonymous_1)
FNF:1
FNH:1
FNDA:2,(anonymous_1)
DA:1,1
DA:5,2
DA:9,1
LF:3
LH:3
BRF:0
BRH:0
end_of_record
TN:
SF:src\modules\tasks\tasks.entity.ts
FN:36,(anonymous_3)
FN:36,(anonymous_4)
FN:39,(anonymous_5)
FN:39,(anonymous_6)
FNF:4
FNH:0
FNDA:0,(anonymous_3)
FNDA:0,(anonymous_4)
FNDA:0,(anonymous_5)
FNDA:0,(anonymous_6)
DA:1,3
DA:10,3
DA:11,3
DA:14,3
DA:16,3
DA:19,3
DA:22,3
DA:25,3
DA:28,3
DA:31,3
DA:34,3
DA:36,0
DA:37,3
DA:39,0
DA:40,3
DA:43,3
LF:16
LH:14
BRF:0
BRH:0
end_of_record
TN:
SF:src\modules\tasks\tasks.service.ts
FN:11,(anonymous_8)
FN:15,(anonymous_9)
FN:21,(anonymous_10)
FN:28,(anonymous_11)
FN:35,(anonymous_13)
FN:35,(anonymous_14)
FN:52,(anonymous_15)
FN:58,(anonymous_17)
FN:84,(anonymous_19)
FN:118,(anonymous_21)
FN:132,(anonymous_23)
FNF:11
FNH:6
FNDA:4,(anonymous_8)
FNDA:0,(anonymous_9)
FNDA:0,(anonymous_10)
FNDA:1,(anonymous_11)
FNDA:2,(anonymous_13)
FNDA:2,(anonymous_14)
FNDA:1,(anonymous_15)
FNDA:0,(anonymous_17)
FNDA:0,(anonymous_19)
FNDA:2,(anonymous_21)
FNDA:0,(anonymous_23)
DA:1,1
DA:2,1
DA:3,1
DA:4,1
DA:6,1
DA:9,1
DA:12,4
DA:13,4
DA:16,0
DA:17,0
DA:22,0
DA:23,0
DA:25,0
DA:29,1
DA:34,1
DA:35,2
DA:36,2
DA:41,2
DA:42,1
DA:44,1
DA:47,2
DA:53,1
DA:54,1
DA:55,1
DA:59,0
DA:63,0
DA:64,0
DA:66,0
DA:70,0
DA:72,0
DA:73,0
DA:74,0
DA:75,0
DA:76,0
DA:79,0
DA:81,0
DA:85,0
DA:89,0
DA:90,0
DA:92,0
DA:94,0
DA:95,0
DA:99,0
DA:100,0
DA:101,0
DA:106,0
DA:107,0
DA:109,0
DA:111,0
DA:113,0
DA:115,0
DA:119,2
DA:124,2
DA:125,1
DA:128,1
DA:129,1
DA:133,0
DA:134,0
DA:135,0
DA:137,0
DA:138,0
DA:139,0
DA:140,0
DA:144,1
LF:64
LH:25
BRDA:16,0,0,0
BRDA:41,1,0,1
BRDA:41,1,1,1
BRDA:41,2,0,2
BRDA:41,2,1,1
BRDA:63,3,0,0
BRDA:70,4,0,0
BRDA:89,5,0,0
BRDA:94,6,0,0
BRDA:99,7,0,0
BRDA:106,8,0,0
BRDA:106,8,1,0
BRDA:124,9,0,1
BRDA:134,10,0,0
BRF:14
BRH:5
end_of_record
TN:
SF:src\modules\transactions\transactions.entity.ts
FN:28,(anonymous_3)
FN:28,(anonymous_4)
FN:31,(anonymous_5)
FN:31,(anonymous_6)
FNF:4
FNH:0
FNDA:0,(anonymous_3)
FNDA:0,(anonymous_4)
FNDA:0,(anonymous_5)
FNDA:0,(anonymous_6)
DA:1,3
DA:2,3
DA:3,3
DA:6,3
DA:8,3
DA:11,3
DA:14,3
DA:17,3
DA:20,3
DA:23,3
DA:26,3
DA:28,0
DA:29,3
DA:31,0
DA:32,3
DA:35,3
LF:16
LH:14
BRF:0
BRH:0
end_of_record
TN:
SF:src\modules\transactions\transactions.service.ts
FN:11,(anonymous_8)
FN:15,(anonymous_9)
FN:21,(anonymous_10)
FN:27,(anonymous_12)
FN:60,(anonymous_14)
FN:73,(anonymous_16)
FN:84,(anonymous_17)
FN:103,(anonymous_19)
FNF:8
FNH:8
FNDA:14,(anonymous_8)
FNDA:6,(anonymous_9)
FNDA:1,(anonymous_10)
FNDA:4,(anonymous_12)
FNDA:1,(anonymous_14)
FNDA:2,(anonymous_16)
FNDA:3,(anonymous_17)
FNDA:5,(anonymous_19)
DA:1,1
DA:2,1
DA:3,1
DA:5,1
DA:6,1
DA:9,1
DA:12,14
DA:13,14
DA:16,6
DA:17,2
DA:22,1
DA:23,1
DA:24,1
DA:28,4
DA:29,1
DA:30,1
DA:31,1
DA:40,3
DA:41,1
DA:48,2
DA:49,1
DA:50,1
DA:51,1
DA:57,1
DA:62,1
DA:63,1
DA:65,1
DA:69,1
DA:70,1
DA:71,1
DA:73,1
DA:74,2
DA:75,1
DA:77,1
DA:81,1
DA:89,3
DA:90,3
DA:91,1
DA:93,2
DA:94,1
DA:95,1
DA:100,1
DA:104,5
DA:105,5
DA:106,1
DA:108,4
DA:112,3
DA:113,2
DA:114,2
DA:115,2
DA:116,1
DA:118,2
DA:120,3
DA:122,3
DA:126,1
LF:55
LH:55
BRDA:16,0,0,2
BRDA:28,1,0,1
BRDA:28,2,0,4
BRDA:28,2,1,2
BRDA:40,3,0,1
BRDA:48,4,0,1
BRDA:74,5,0,1
BRDA:74,5,1,1
BRDA:90,6,0,1
BRDA:105,7,0,1
BRDA:112,8,0,2
BRDA:115,9,0,1
BRF:12
BRH:12
end_of_record
TN:
SF:src\modules\users\users.entity.ts
FN:28,(anonymous_3)
FN:28,(anonymous_4)
FN:31,(anonymous_5)
FN:31,(anonymous_6)
FNF:4
FNH:0
FNDA:0,(anonymous_3)
FNDA:0,(anonymous_4)
FNDA:0,(anonymous_5)
FNDA:0,(anonymous_6)
DA:1,3
DA:2,3
DA:3,3
DA:6,3
DA:8,3
DA:11,3
DA:14,3
DA:17,3
DA:20,3
DA:23,3
DA:26,3
DA:28,0
DA:29,3
DA:31,0
DA:32,3
DA:35,3
LF:16
LH:14
BRF:0
BRH:0
end_of_record
TN:
SF:src\modules\users\users.service.ts
FN:12,(anonymous_8)
FN:15,(anonymous_9)
FN:28,(anonymous_11)
FN:36,(anonymous_13)
FN:48,(anonymous_15)
FNF:5
FNH:5
FNDA:10,(anonymous_8)
FNDA:3,(anonymous_9)
FNDA:2,(anonymous_11)
FNDA:5,(anonymous_13)
FNDA:5,(anonymous_15)
DA:1,1
DA:2,1
DA:4,1
DA:5,1
DA:6,1
DA:7,1
DA:9,1
DA:10,1
DA:13,10
DA:16,3
DA:17,1
DA:19,2
DA:20,1
DA:22,1
DA:23,1
DA:24,1
DA:25,1
DA:29,2
DA:30,2
DA:31,1
DA:33,1
DA:37,5
DA:42,5
DA:43,4
DA:45,1
DA:49,5
DA:50,4
DA:51,4
DA:52,4
DA:53,1
DA:55,3
DA:56,2
DA:57,2
DA:58,1
DA:60,1
DA:61,1
DA:62,1
DA:63,1
DA:64,1
DA:66,1
DA:68,2
DA:70,2
DA:74,1
LF:43
LH:43
BRDA:16,0,0,1
BRDA:19,1,0,1
BRDA:30,2,0,1
BRDA:42,3,0,4
BRDA:52,4,0,1
BRDA:52,5,0,4
BRDA:52,5,1,4
BRDA:55,6,0,2
BRDA:55,6,1,1
BRDA:57,7,0,1
BRF:10
BRH:10
end_of_record
TN:
SF:src\utils\getCorrectedStartEndMonth.ts
FN:4,(anonymous_1)
FNF:1
FNH:1
FNDA:3,(anonymous_1)
DA:1,1
DA:2,1
DA:4,1
DA:5,3
DA:6,3
DA:7,3
DA:8,3
DA:9,3
DA:10,3
DA:11,3
DA:13,0
DA:16,1
LF:12
LH:11
BRDA:8,0,0,1
BRDA:8,0,1,2
BRF:2
BRH:2
end_of_record
