TN:
SF:src\exceptions\EmailAlreadyExistsException.ts
FN:4,(anonymous_1)
FNF:1
FNH:1
FNDA:4,(anonymous_1)
DA:1,1
DA:5,4
DA:9,1
LF:3
LH:3
BRF:0
BRH:0
end_of_record
TN:
SF:src\exceptions\HttpException.ts
FN:4,(anonymous_0)
FNF:1
FNH:1
FNDA:12,(anonymous_0)
DA:5,12
DA:6,12
DA:7,12
DA:11,1
LF:4
LH:4
BRF:0
BRH:0
end_of_record
TN:
SF:src\exceptions\NotFoundException.ts
FN:4,(anonymous_1)
FNF:1
FNH:1
FNDA:2,(anonymous_1)
DA:1,1
DA:5,2
DA:9,1
LF:3
LH:3
BRF:0
BRH:0
end_of_record
TN:
SF:src\exceptions\PasswordDoesNotMatchException.ts
FN:4,(anonymous_1)
FNF:1
FNH:1
FNDA:2,(anonymous_1)
DA:1,1
DA:5,2
DA:9,1
LF:3
LH:3
BRF:0
BRH:0
end_of_record
TN:
SF:src\exceptions\PreviousPasswordDoesNotMatch.ts
FN:4,(anonymous_1)
FNF:1
FNH:1
FNDA:2,(anonymous_1)
DA:1,1
DA:5,2
DA:9,1
LF:3
LH:3
BRF:0
BRH:0
end_of_record
TN:
SF:src\exceptions\WrongCredentialsException.ts
FN:4,(anonymous_1)
FNF:1
FNH:1
FNDA:2,(anonymous_1)
DA:1,1
DA:5,2
DA:9,1
LF:3
LH:3
BRF:0
BRH:0
end_of_record
TN:
SF:src\modules\tasks\tasks.entity.ts
FN:36,(anonymous_3)
FN:36,(anonymous_4)
FN:39,(anonymous_5)
FN:39,(anonymous_6)
FNF:4
FNH:0
FNDA:0,(anonymous_3)
FNDA:0,(anonymous_4)
FNDA:0,(anonymous_5)
FNDA:0,(anonymous_6)
DA:1,1
DA:10,1
DA:11,1
DA:14,1
DA:16,1
DA:19,1
DA:22,1
DA:25,1
DA:28,1
DA:31,1
DA:34,1
DA:36,0
DA:37,1
DA:39,0
DA:40,1
DA:43,1
LF:16
LH:14
BRF:0
BRH:0
end_of_record
TN:
SF:src\modules\transactions\transactions.entity.ts
FN:28,(anonymous_3)
FN:28,(anonymous_4)
FN:31,(anonymous_5)
FN:31,(anonymous_6)
FNF:4
FNH:0
FNDA:0,(anonymous_3)
FNDA:0,(anonymous_4)
FNDA:0,(anonymous_5)
FNDA:0,(anonymous_6)
DA:1,1
DA:2,1
DA:3,1
DA:6,1
DA:8,1
DA:11,1
DA:14,1
DA:17,1
DA:20,1
DA:23,1
DA:26,1
DA:28,0
DA:29,1
DA:31,0
DA:32,1
DA:35,1
LF:16
LH:14
BRF:0
BRH:0
end_of_record
TN:
SF:src\modules\users\users.entity.ts
FN:28,(anonymous_3)
FN:28,(anonymous_4)
FN:31,(anonymous_5)
FN:31,(anonymous_6)
FNF:4
FNH:0
FNDA:0,(anonymous_3)
FNDA:0,(anonymous_4)
FNDA:0,(anonymous_5)
FNDA:0,(anonymous_6)
DA:1,1
DA:2,1
DA:3,1
DA:6,1
DA:8,1
DA:11,1
DA:14,1
DA:17,1
DA:20,1
DA:23,1
DA:26,1
DA:28,0
DA:29,1
DA:31,0
DA:32,1
DA:35,1
LF:16
LH:14
BRF:0
BRH:0
end_of_record
TN:
SF:src\modules\users\users.service.ts
FN:12,(anonymous_8)
FN:15,(anonymous_9)
FN:28,(anonymous_11)
FN:36,(anonymous_13)
FN:48,(anonymous_15)
FNF:5
FNH:5
FNDA:10,(anonymous_8)
FNDA:3,(anonymous_9)
FNDA:2,(anonymous_11)
FNDA:5,(anonymous_13)
FNDA:5,(anonymous_15)
DA:1,1
DA:2,1
DA:4,1
DA:5,1
DA:6,1
DA:7,1
DA:9,1
DA:10,1
DA:13,10
DA:16,3
DA:17,1
DA:19,2
DA:20,1
DA:22,1
DA:23,1
DA:24,1
DA:25,1
DA:29,2
DA:30,2
DA:31,1
DA:33,1
DA:37,5
DA:42,5
DA:43,4
DA:45,1
DA:49,5
DA:50,4
DA:51,4
DA:52,4
DA:53,1
DA:55,3
DA:56,2
DA:57,2
DA:58,1
DA:60,1
DA:61,1
DA:62,1
DA:63,1
DA:64,1
DA:66,1
DA:68,2
DA:70,2
DA:74,1
LF:43
LH:43
BRDA:16,0,0,1
BRDA:19,1,0,1
BRDA:30,2,0,1
BRDA:42,3,0,4
BRDA:52,4,0,1
BRDA:52,5,0,4
BRDA:52,5,1,4
BRDA:55,6,0,2
BRDA:55,6,1,1
BRDA:57,7,0,1
BRF:10
BRH:10
end_of_record
